<?xml version="1.0" encoding="UTF-8"?>
<testng-results skipped="0" failed="0" total="1" passed="1">
  <reporter-output>
    <line>
      <![CDATA[no of rows are::5  no of column are::5]]>
    </line>
  </reporter-output>
  <suite name="Suite" duration-ms="152748" started-at="2019-10-24T05:37:00Z" finished-at="2019-10-24T05:39:33Z">
    <groups>
    </groups>
    <test name="Test" duration-ms="152748" started-at="2019-10-24T05:37:00Z" finished-at="2019-10-24T05:39:33Z">
      <class name="DriverPackage.DatadrivenFramework">
        <test-method status="PASS" signature="launchapp()[pri:0, instance:DriverPackage.DatadrivenFramework@1ae369b7]" name="launchapp" is-config="true" duration-ms="14750" started-at="2019-10-24T11:07:00Z" finished-at="2019-10-24T11:07:15Z">
          <reporter-output>
          </reporter-output>
        </test-method> <!-- launchapp -->
        <test-method status="PASS" signature="supplierscreation()[pri:0, instance:DriverPackage.DatadrivenFramework@1ae369b7]" name="supplierscreation" duration-ms="137459" started-at="2019-10-24T11:07:15Z" finished-at="2019-10-24T11:09:32Z">
          <reporter-output>
            <line>
              <![CDATA[no of rows are::5  no of column are::5]]>
            </line>
          </reporter-output>
        </test-method> <!-- supplierscreation -->
        <test-method status="PASS" signature="logout()[pri:0, instance:DriverPackage.DatadrivenFramework@1ae369b7]" name="logout" is-config="true" duration-ms="529" started-at="2019-10-24T11:09:32Z" finished-at="2019-10-24T11:09:33Z">
          <reporter-output>
          </reporter-output>
        </test-method> <!-- logout -->
      </class> <!-- DriverPackage.DatadrivenFramework -->
    </test> <!-- Test -->
  </suite> <!-- Suite -->
</testng-results>
